  glad.c
  Source.cpp
  wprowadzenie.cpp
  Generating Code...
wprowadzenie.obj : error LNK2019: unresolved external symbol _glfwInit referenced in function _main
wprowadzenie.obj : error LNK2019: unresolved external symbol _glfwTerminate referenced in function _main
wprowadzenie.obj : error LNK2019: unresolved external symbol _glfwWindowHint referenced in function _main
wprowadzenie.obj : error LNK2019: unresolved external symbol _glfwCreateWindow referenced in function _main
wprowadzenie.obj : error LNK2019: unresolved external symbol _glfwWindowShouldClose referenced in function _main
wprowadzenie.obj : error LNK2019: unresolved external symbol _glfwSetWindowShouldClose referenced in function "void __cdecl processInput(struct GLFWwindow *)" (?processInput@@YAXPAUGLFWwindow@@@Z)
wprowadzenie.obj : error LNK2019: unresolved external symbol _glfwSetFramebufferSizeCallback referenced in function _main
wprowadzenie.obj : error LNK2019: unresolved external symbol _glfwPollEvents referenced in function _main
wprowadzenie.obj : error LNK2019: unresolved external symbol _glfwSetInputMode referenced in function _main
wprowadzenie.obj : error LNK2019: unresolved external symbol _glfwGetKey referenced in function "void __cdecl processInput(struct GLFWwindow *)" (?processInput@@YAXPAUGLFWwindow@@@Z)
wprowadzenie.obj : error LNK2019: unresolved external symbol _glfwSetCursorPosCallback referenced in function _main
wprowadzenie.obj : error LNK2019: unresolved external symbol _glfwSetScrollCallback referenced in function _main
wprowadzenie.obj : error LNK2019: unresolved external symbol _glfwGetTime referenced in function _main
wprowadzenie.obj : error LNK2019: unresolved external symbol _glfwMakeContextCurrent referenced in function _main
wprowadzenie.obj : error LNK2019: unresolved external symbol _glfwSwapBuffers referenced in function _main
wprowadzenie.obj : error LNK2019: unresolved external symbol _glfwGetProcAddress referenced in function _main
C:\Users\Ethan\Documents\Visual Studio 2017\Projects\graphics_window\Libraries\lib\glfw3.lib : warning LNK4272: library machine type 'x64' conflicts with target machine type 'x86'
..\Libraries\lib\glfw3.lib : warning LNK4272: library machine type 'x64' conflicts with target machine type 'x86'
C:\Users\Ethan\Documents\Visual Studio 2017\Projects\graphics_window\Debug\graphics_window.exe : fatal error LNK1120: 16 unresolved externals
